0 silly input [ 'build' ]
1 silly flags { _: [ 'run' ],
1 silly flags   'reject-cycles': false,
1 silly flags   rejectCycles: false,
1 silly flags   scope: [ 'views', 'stores', 'web' ],
1 silly flags   script: 'build',
1 silly flags   args: [] }
2 verbose rootPath /Users/bobinlee/Documents/dev/basic/react-web-native-mst-example
3 info version 2.11.0
4 silly existsSync /Users/bobinlee/Documents/dev/basic/react-web-native-mst-example/VERSION
5 info scope [ 'views', 'stores', 'web' ]
6 silly initialize attempt
7 silly initialize success
8 silly execute attempt
9 silly runScriptInDir build [] web
10 silly getExecOpts { cwd: '/Users/bobinlee/Documents/dev/basic/react-web-native-mst-example/packages/web' }
11 error build Errored while running script in 'web'
12 error execute callback with error
13 error Error: Command failed: npm run build
13 error npm ERR! code ELIFECYCLE
13 error npm ERR! errno 1
13 error npm ERR! web@1.0.0 build: `react-scripts build`
13 error npm ERR! Exit status 1
13 error npm ERR!
13 error npm ERR! Failed at the web@1.0.0 build script.
13 error npm ERR! This is probably not a problem with npm. There is likely additional logging output above.
13 error
13 error npm ERR! A complete log of this run can be found in:
13 error npm ERR!     /Users/bobinlee/.npm/_logs/2018-07-01T10_19_12_513Z-debug.log
13 error
13 error > web@1.0.0 build /Users/bobinlee/Documents/dev/basic/react-web-native-mst-example/packages/web
13 error > react-scripts build
13 error
13 error Creating an optimized production build...
13 error Failed to compile.
13 error
13 error ../view/TodoList/TodoList.web.js
13 error Module parse failed: Unexpected token (11:8)
13 error You may need an appropriate loader to handle this file type.
13 error | const TodoList = ({ todos }) => {
13 error |     return (
13 error |         <Container>
13 error |             {todos.map(todo => {
13 error |                 return (<Item><Todo {...todo} /></Item>);
13 error
13 error
13 error
13 error     at Promise.all.then.arr (/Users/bobinlee/Documents/dev/basic/react-web-native-mst-example/node_modules/execa/index.js:236:11)
13 error     at <anonymous>
